2026-07-02 02:47:26,613 | INFO | Succesfully fetched cryptocurrency data
2026-07-02 02:47:26,615 | INFO | Fetching cryptocurrency data...
2026-07-02 02:47:26,616 | INFO | {
    "bitcoin": {
        "usd": 60149,
        "usd_market_cap": 1206036657514.0054,
        "usd_24h_vol": 35368610482.703606
    },
    "ethereum": {
        "usd": 1617.29,
        "usd_market_cap": 195179919941.40256,
        "usd_24h_vol": 10562339391.820915
    }
}
2026-07-02 02:47:26,644 | INFO | Data inserted Successfully!
2026-07-02 02:47:53,970 | INFO | Succesfully fetched cryptocurrency data
2026-07-02 02:47:53,973 | INFO | Fetching cryptocurrency data...
2026-07-02 02:47:53,973 | INFO | {
    "bitcoin": {
        "usd": 60116,
        "usd_market_cap": 1205786009396.4302,
        "usd_24h_vol": 35798168128.221596
    },
    "ethereum": {
        "usd": 1615.93,
        "usd_market_cap": 195115298875.32693,
        "usd_24h_vol": 11062190314.336962
    }
}
2026-07-02 02:47:54,015 | INFO | Data inserted Successfully!
2026-07-02 02:48:24,464 | INFO | Succesfully fetched cryptocurrency data
2026-07-02 02:48:24,464 | INFO | Fetching cryptocurrency data...
2026-07-02 02:48:24,464 | INFO | {
    "bitcoin": {
        "usd": 60116,
        "usd_market_cap": 1205786009396.4302,
        "usd_24h_vol": 35798168128.221596
    },
    "ethereum": {
        "usd": 1615.93,
        "usd_market_cap": 195115298875.32693,
        "usd_24h_vol": 11062190314.336962
    }
}
2026-07-02 02:48:24,483 | INFO | Successfully inserted data into PostgreSQL
2026-07-02 02:48:24,483 | INFO | Data inserted Successfully!
2026-07-02 02:56:08,385 | INFO | Succesfully fetched cryptocurrency data
2026-07-02 02:56:08,387 | INFO | Fetching cryptocurrency data...
2026-07-02 02:56:08,387 | INFO | {
    "bitcoin": {
        "usd": 60072,
        "usd_market_cap": 1204761979850.9597,
        "usd_24h_vol": 35870949087.689896
    },
    "ethereum": {
        "usd": 1612.36,
        "usd_market_cap": 194633611453.29965,
        "usd_24h_vol": 9987942477.419764
    }
}
2026-07-02 02:56:08,424 | INFO | Successfully inserted data into PostgreSQL
2026-07-02 02:56:08,424 | INFO | Data inserted Successfully!
2026-07-02 02:56:47,183 | INFO | Succesfully fetched cryptocurrency data
2026-07-02 02:57:14,430 | INFO | Succesfully fetched cryptocurrency data
2026-07-02 02:59:34,122 | INFO | Succesfully fetched cryptocurrency data
2026-07-02 03:00:25,063 | INFO | Succesfully fetched cryptocurrency data
2026-07-02 03:01:04,724 | INFO | Succesfully fetched cryptocurrency data
2026-07-02 03:02:18,703 | ERROR | Failed to fetch cryptocurrency data: 404 Client Error: Not Found for url: https://api.coingecko.com/api/v3/simple/pricesa?ids=bitcoin%2Cethereum&vs_currencies=usd&include_market_cap=true&include_24hr_vol=true
2026-07-02 03:02:47,992 | INFO | Succesfully fetched cryptocurrency data
2026-07-02 03:03:06,022 | INFO | Succesfully fetched cryptocurrency data
2026-07-02 03:03:06,022 | INFO | Fetching cryptocurrency data...
2026-07-02 03:03:06,022 | INFO | {
    "bitcoin": {
        "usd": 60166,
        "usd_market_cap": 1205381029633.5457,
        "usd_24h_vol": 35133157875.91001
    },
    "ethereum": {
        "usd": 1616.91,
        "usd_market_cap": 194973463054.10757,
        "usd_24h_vol": 11060139249.717451
    }
}
2026-07-02 03:03:14,388 | INFO | Succesfully fetched cryptocurrency data
2026-07-02 03:03:14,389 | INFO | Fetching cryptocurrency data...
2026-07-02 03:03:14,389 | INFO | {
    "bitcoin": {
        "usd": 60166,
        "usd_market_cap": 1205381029633.5457,
        "usd_24h_vol": 35133157875.91001
    },
    "ethereum": {
        "usd": 1616.91,
        "usd_market_cap": 194973463054.10757,
        "usd_24h_vol": 11060139249.717451
    }
}
2026-07-02 03:03:14,389 | INFO | Connecting to PostgreSQL...
2026-07-02 03:03:14,403 | INFO | Data inserted Successfully!
2026-07-02 03:04:07,049 | INFO | Succesfully fetched cryptocurrency data
2026-07-02 03:04:07,052 | INFO | Fetching cryptocurrency data...
2026-07-02 03:04:07,052 | INFO | {
    "bitcoin": {
        "usd": 60207,
        "usd_market_cap": 1206704487633.5654,
        "usd_24h_vol": 34808117051.41759
    },
    "ethereum": {
        "usd": 1618.49,
        "usd_market_cap": 195253397544.6299,
        "usd_24h_vol": 11053022258.05454
    }
}
2026-07-02 03:04:07,052 | INFO | Connecting to PostgreSQL...
2026-07-02 03:04:07,080 | INFO | Data inserted Successfully!
2026-07-02 03:10:51,994 | INFO | Succesfully fetched cryptocurrency data
2026-07-02 03:10:51,997 | INFO | Fetching cryptocurrency data...
2026-07-02 03:10:51,997 | INFO | {
    "bitcoin": {
        "usd": 60205,
        "usd_market_cap": 1207000060451.0024,
        "usd_24h_vol": 35061776989.47711
    },
    "ethereum": {
        "usd": 1619.91,
        "usd_market_cap": 195481868710.68567,
        "usd_24h_vol": 10547407328.659866
    }
}
2026-07-02 03:10:51,997 | INFO | Connecting to PostgreSQL...
2026-07-02 03:10:52,026 | INFO | Data inserted Successfully!
2026-07-02 03:11:43,277 | INFO | Succesfully fetched cryptocurrency data
2026-07-02 03:11:43,278 | INFO | Fetching cryptocurrency data...
2026-07-02 03:11:43,278 | INFO | {
    "bitcoin": {
        "usd": 60205,
        "usd_market_cap": 1207000060451.0024,
        "usd_24h_vol": 35061776989.47711
    },
    "ethereum": {
        "usd": 1619.91,
        "usd_market_cap": 195481868710.68567,
        "usd_24h_vol": 10547407328.659866
    }
}
2026-07-02 03:11:43,279 | INFO | Connecting to PostgreSQL...
2026-07-02 03:11:43,293 | INFO | Data inserted Successfully!
2026-07-02 03:17:26,006 | INFO | Succesfully fetched cryptocurrency data
2026-07-02 03:17:26,010 | INFO | Fetching cryptocurrency data...
2026-07-02 03:17:26,010 | INFO | {
    "bitcoin": {
        "usd": 60235,
        "usd_market_cap": 1207434210508.7668,
        "usd_24h_vol": 35062119058.565926
    },
    "ethereum": {
        "usd": 1621.16,
        "usd_market_cap": 195594659322.97726,
        "usd_24h_vol": 10559640512.54534
    }
}
2026-07-02 03:17:26,010 | INFO | Step 1
2026-07-02 03:17:26,010 | INFO | Step 2
2026-07-02 03:17:26,039 | ERROR | Database error: connection to server at "localhost" (::1), port 9999 failed: Connection refused
	Is the server running on that host and accepting TCP/IP connections?
connection to server at "localhost" (127.0.0.1), port 9999 failed: Connection refused
	Is the server running on that host and accepting TCP/IP connections?
Traceback (most recent call last):
  File "/Users/mark/Github/projects/crypto-etl-pipeline/load/load_db.py", line 13, in insert_crypto
    conn = get_connection()
  File "/Users/mark/Github/projects/crypto-etl-pipeline/load/db_connection.py", line 6, in get_connection
    return psycopg2.connect(**DB_CONFIG)
           ~~~~~~~~~~~~~~~~^^^^^^^^^^^^^
  File "/Users/mark/Github/projects/crypto-etl-pipeline/venv/lib/python3.14/site-packages/psycopg2/__init__.py", line 122, in connect
    conn = _connect(dsn, connection_factory=connection_factory, **kwasync)
psycopg2.OperationalError: connection to server at "localhost" (::1), port 9999 failed: Connection refused
	Is the server running on that host and accepting TCP/IP connections?
connection to server at "localhost" (127.0.0.1), port 9999 failed: Connection refused
	Is the server running on that host and accepting TCP/IP connections?

2026-07-02 03:17:26,040 | INFO | Step 7 - Closing connection
2026-07-02 03:17:26,041 | ERROR | Pipeline Failed
Traceback (most recent call last):
  File "/Users/mark/Github/projects/crypto-etl-pipeline/app.py", line 15, in main
    rows = insert_crypto(data)
  File "/Users/mark/Github/projects/crypto-etl-pipeline/load/load_db.py", line 13, in insert_crypto
    conn = get_connection()
  File "/Users/mark/Github/projects/crypto-etl-pipeline/load/db_connection.py", line 6, in get_connection
    return psycopg2.connect(**DB_CONFIG)
           ~~~~~~~~~~~~~~~~^^^^^^^^^^^^^
  File "/Users/mark/Github/projects/crypto-etl-pipeline/venv/lib/python3.14/site-packages/psycopg2/__init__.py", line 122, in connect
    conn = _connect(dsn, connection_factory=connection_factory, **kwasync)
psycopg2.OperationalError: connection to server at "localhost" (::1), port 9999 failed: Connection refused
	Is the server running on that host and accepting TCP/IP connections?
connection to server at "localhost" (127.0.0.1), port 9999 failed: Connection refused
	Is the server running on that host and accepting TCP/IP connections?

2026-07-02 03:17:51,777 | INFO | Succesfully fetched cryptocurrency data
2026-07-02 03:17:51,777 | INFO | Fetching cryptocurrency data...
2026-07-02 03:17:51,777 | INFO | {
    "bitcoin": {
        "usd": 60235,
        "usd_market_cap": 1207434210508.7668,
        "usd_24h_vol": 35062119058.565926
    },
    "ethereum": {
        "usd": 1621.16,
        "usd_market_cap": 195594659322.97726,
        "usd_24h_vol": 10559640512.54534
    }
}
2026-07-02 03:17:51,777 | INFO | Step 1
2026-07-02 03:17:51,777 | INFO | Step 2
2026-07-02 03:17:51,790 | ERROR | Database error: connection to server at "localhost" (::1), port 9999 failed: Connection refused
	Is the server running on that host and accepting TCP/IP connections?
connection to server at "localhost" (127.0.0.1), port 9999 failed: Connection refused
	Is the server running on that host and accepting TCP/IP connections?
Traceback (most recent call last):
  File "/Users/mark/Github/projects/crypto-etl-pipeline/load/load_db.py", line 13, in insert_crypto
    conn = get_connection()
  File "/Users/mark/Github/projects/crypto-etl-pipeline/load/db_connection.py", line 6, in get_connection
    return psycopg2.connect(**DB_CONFIG)
           ~~~~~~~~~~~~~~~~^^^^^^^^^^^^^
  File "/Users/mark/Github/projects/crypto-etl-pipeline/venv/lib/python3.14/site-packages/psycopg2/__init__.py", line 122, in connect
    conn = _connect(dsn, connection_factory=connection_factory, **kwasync)
psycopg2.OperationalError: connection to server at "localhost" (::1), port 9999 failed: Connection refused
	Is the server running on that host and accepting TCP/IP connections?
connection to server at "localhost" (127.0.0.1), port 9999 failed: Connection refused
	Is the server running on that host and accepting TCP/IP connections?

2026-07-02 03:17:51,791 | INFO | Step 7 - Closing connection
2026-07-02 03:17:51,791 | ERROR | Pipeline Failed
Traceback (most recent call last):
  File "/Users/mark/Github/projects/crypto-etl-pipeline/app.py", line 15, in main
    rows = insert_crypto(data)
  File "/Users/mark/Github/projects/crypto-etl-pipeline/load/load_db.py", line 13, in insert_crypto
    conn = get_connection()
  File "/Users/mark/Github/projects/crypto-etl-pipeline/load/db_connection.py", line 6, in get_connection
    return psycopg2.connect(**DB_CONFIG)
           ~~~~~~~~~~~~~~~~^^^^^^^^^^^^^
  File "/Users/mark/Github/projects/crypto-etl-pipeline/venv/lib/python3.14/site-packages/psycopg2/__init__.py", line 122, in connect
    conn = _connect(dsn, connection_factory=connection_factory, **kwasync)
psycopg2.OperationalError: connection to server at "localhost" (::1), port 9999 failed: Connection refused
	Is the server running on that host and accepting TCP/IP connections?
connection to server at "localhost" (127.0.0.1), port 9999 failed: Connection refused
	Is the server running on that host and accepting TCP/IP connections?

2026-07-02 03:21:13,645 | INFO | Succesfully fetched cryptocurrency data
2026-07-02 03:21:13,648 | INFO | Fetching cryptocurrency data...
2026-07-02 03:21:13,648 | INFO | {
    "bitcoin": {
        "usd": 60198,
        "usd_market_cap": 1207291331506.1812,
        "usd_24h_vol": 35263691061.03121
    },
    "ethereum": {
        "usd": 1620.44,
        "usd_market_cap": 195616520928.2162,
        "usd_24h_vol": 10595486109.637146
    }
}
2026-07-02 03:21:13,648 | INFO | Step 1
2026-07-02 03:21:13,648 | INFO | Step 2
2026-07-02 03:21:13,694 | INFO | Step 3
2026-07-02 03:21:13,694 | INFO | Step 4
2026-07-02 03:21:13,694 | INFO | Inserting bitcoin
2026-07-02 03:21:13,698 | INFO | Inserting ethereum
2026-07-02 03:21:13,698 | INFO | Step 5
2026-07-02 03:21:13,698 | INFO | Step 6 - Commit successful
2026-07-02 03:21:13,698 | INFO | Step 7 - Closing connection
2026-07-02 03:21:13,698 | INFO | Successfully inserted None records.
2026-07-02 03:31:19,887 | INFO | Starting Crypto ETL Pipeline...
2026-07-02 03:31:20,348 | INFO | Succesfully fetched cryptocurrency data
2026-07-02 03:31:20,350 | INFO | Fetching cryptocurrency data...
2026-07-02 03:31:20,350 | INFO | {
    "bitcoin": {
        "usd": 60096,
        "usd_market_cap": 1204872155446.4165,
        "usd_24h_vol": 35089202423.231766
    },
    "ethereum": {
        "usd": 1617.52,
        "usd_market_cap": 195162925704.31296,
        "usd_24h_vol": 10582920186.73445
    }
}
2026-07-02 03:31:20,350 | INFO | Connecting to PostgreSQL...
2026-07-02 03:31:20,470 | INFO | Connected successfully.
2026-07-02 03:31:20,470 | INFO | Inserting bitcoin...
2026-07-02 03:31:20,472 | INFO | Inserting ethereum...
2026-07-02 03:31:20,473 | INFO | Database transaction committed successfully.
2026-07-02 03:31:20,473 | INFO | Closing database connection.
2026-07-02 03:31:20,473 | INFO | Successfully inserted 2 records.
2026-07-02 03:31:20,473 | INFO | Pipeline completed successfully.
2026-07-02 03:32:09,582 | INFO | Starting Crypto ETL Pipeline...
2026-07-02 03:32:09,738 | INFO | Succesfully fetched cryptocurrency data
2026-07-02 03:32:09,739 | INFO | Fetching cryptocurrency data...
2026-07-02 03:32:09,739 | INFO | {
    "bitcoin": {
        "usd": 60096,
        "usd_market_cap": 1204872155446.4165,
        "usd_24h_vol": 35089202423.231766
    },
    "ethereum": {
        "usd": 1617.52,
        "usd_market_cap": 195162925704.31296,
        "usd_24h_vol": 10582920186.73445
    }
}
2026-07-02 03:32:09,739 | INFO | Connecting to PostgreSQL...
2026-07-02 03:32:09,766 | INFO | Closing database connection.
2026-07-02 03:32:09,766 | ERROR | Pipeline failed.
Traceback (most recent call last):
  File "/Users/mark/Github/projects/crypto-etl-pipeline/app.py", line 16, in main
    rows = insert_crypto(data)
  File "/Users/mark/Github/projects/crypto-etl-pipeline/load/load_db.py", line 13, in insert_crypto
    conn = get_connection()
  File "/Users/mark/Github/projects/crypto-etl-pipeline/load/db_connection.py", line 6, in get_connection
    return psycopg2.connect(**DB_CONFIG)
           ~~~~~~~~~~~~~~~~^^^^^^^^^^^^^
  File "/Users/mark/Github/projects/crypto-etl-pipeline/venv/lib/python3.14/site-packages/psycopg2/__init__.py", line 122, in connect
    conn = _connect(dsn, connection_factory=connection_factory, **kwasync)
psycopg2.OperationalError: connection to server at "localhost" (::1), port 5432 failed: FATAL:  password authentication failed for user "postgres"

